#
# There is insufficient memory for the Java Runtime Environment to continue.
# Native memory allocation (mmap) failed to map 132120576 bytes for Failed to commit area from 0x0000000083000000 to 0x000000008ae00000 of length 132120576.
# Possible reasons:
#   The system is out of physical RAM or swap space
#   The process is running with CompressedOops enabled, and the Java Heap may be blocking the growth of the native heap
# Possible solutions:
#   Reduce memory load on the system
#   Increase physical memory or swap space
#   Check if swap backing store is full
#   Decrease Java heap size (-Xmx/-Xms)
#   Decrease number of Java threads
#   Decrease Java thread stack sizes (-Xss)
#   Set larger code cache with -XX:ReservedCodeCacheSize=
# This output file may be truncated or incomplete.
#
#  Out of Memory Error (./src/hotspot/os/windows/os_windows.cpp:3511), pid=15424, tid=15440
#
# JRE version:  (11.0.11+9) (build )
# Java VM: OpenJDK 64-Bit Server VM (11.0.11+9-b1504.13, mixed mode, sharing, tiered, compressed oops, g1 gc, windows-amd64)
# No core dump will be written. Minidumps are not enabled by default on client versions of Windows
#

---------------  S U M M A R Y ------------

Command Line: git4idea.http.GitAskPassApp Username for 'https://github.com': 

Host: Intel(R) Core(TM) i5-10300H CPU @ 2.50GHz, 8 cores, 7G,  Windows 10 , 64 bit Build 19041 (10.0.19041.928)
Time: Mon Nov 15 20:59:06 2021 RTZ 2 (зима) elapsed time: 0.037570 seconds (0d 0h 0m 0s)

---------------  T H R E A D  ---------------

Current thread (0x000001e1da5ce000):  JavaThread "Unknown thread" [_thread_in_vm, id=15440, stack(0x0000006aef400000,0x0000006aef500000)]

Stack: [0x0000006aef400000,0x0000006aef500000]
Native frames: (J=compiled Java code, j=interpreted, Vv=VM code, C=native code)
V  [jvm.dll+0x5f5d5a]
V  [jvm.dll+0x7798b5]
V  [jvm.dll+0x77aecd]
V  [jvm.dll+0x77b583]
V  [jvm.dll+0x244978]
V  [jvm.dll+0x5f3174]
V  [jvm.dll+0x5e7d55]
V  [jvm.dll+0x30068b]
V  [jvm.dll+0x3005fa]
V  [jvm.dll+0x3004d2]
V  [jvm.dll+0x3053c6]
V  [jvm.dll+0x34e0a3]
V  [jvm.dll+0x34e7a6]
V  [jvm.dll+0x34e1a3]
V  [jvm.dll+0x2db0c8]
V  [jvm.dll+0x2dc267]
V  [jvm.dll+0x758057]
V  [jvm.dll+0x75984c]
V  [jvm.dll+0x35b659]
V  [jvm.dll+0x73b67e]
V  [jvm.dll+0x3c39f3]
V  [jvm.dll+0x3c5dd1]
C  [jli.dll+0x5373]
C  [ucrtbase.dll+0x21bb2]
C  [KERNEL32.DLL+0x17034]
C  [ntdll.dll+0x52651]


---------------  P R O C E S S  ---------------

Threads class SMR info:
_java_thread_list=0x000001e1d84e1fb0, length=0, elements={
}

Java Threads: ( => current thread )

Other Threads:
  0x000001e1da5e4800 GCTaskThread "GC Thread#0" [stack: 0x0000006aef500000,0x0000006aef600000] [id=7788]
  0x000001e1da615000 ConcurrentGCThread "G1 Main Marker" [stack: 0x0000006aef600000,0x0000006aef700000] [id=7760]
  0x000001e1da617800 ConcurrentGCThread "G1 Conc#0" [stack: 0x0000006aef700000,0x0000006aef800000] [id=14240]

[error occurred during error reporting (printing all threads), id 0xc0000005, EXCEPTION_ACCESS_VIOLATION (0xc0000005) at pc=0x00007ffdbbeeb8f7]

VM state:not at safepoint (not fully initialized)

VM Mutex/Monitor currently owned by a thread:  ([mutex/lock_event])
[0x000001e1da5ca180] Heap_lock - owner thread: 0x000001e1da5ce000

Heap address: 0x0000000083000000, size: 2000 MB, Compressed Oops mode: Non-zero based: 0x0000000083000000
Narrow klass base: 0x0000000000000000, Narrow klass shift: 0

GC Heap History (0 events):
No events

Deoptimization events (0 events):
No events

Classes redefined (0 events):
No events

Internal exceptions (0 events):
No events

Events (1 events):
Event: 0.025 Loaded shared library C:\Program Files\ideaIU-2021.2.win\jbr\bin\zip.dll


Dynamic libraries:
0x00007ff6baf10000 - 0x00007ff6baf1a000 	C:\Program Files\ideaIU-2021.2.win\jbr\bin\java.exe
0x00007ffdf5550000 - 0x00007ffdf5745000 	C:\Windows\SYSTEM32\ntdll.dll
0x00007ffdf39e0000 - 0x00007ffdf3a9d000 	C:\Windows\System32\KERNEL32.DLL
0x00007ffdf3090000 - 0x00007ffdf3358000 	C:\Windows\System32\KERNELBASE.dll
0x00007ffdf2d20000 - 0x00007ffdf2e20000 	C:\Windows\System32\ucrtbase.dll
0x00007ffdea720000 - 0x00007ffdea737000 	C:\Program Files\ideaIU-2021.2.win\jbr\bin\VCRUNTIME140.dll
0x00007ffdea540000 - 0x00007ffdea559000 	C:\Program Files\ideaIU-2021.2.win\jbr\bin\jli.dll
0x00007ffdf3610000 - 0x00007ffdf37b0000 	C:\Windows\System32\USER32.dll
0x00007ffdf3360000 - 0x00007ffdf3382000 	C:\Windows\System32\win32u.dll
0x00007ffdd73e0000 - 0x00007ffdd767a000 	C:\Windows\WinSxS\amd64_microsoft.windows.common-controls_6595b64144ccf1df_6.0.19041.844_none_ca00b6081b84eb1d\COMCTL32.dll
0x00007ffdf4d20000 - 0x00007ffdf4d4a000 	C:\Windows\System32\GDI32.dll
0x00007ffdf37b0000 - 0x00007ffdf384e000 	C:\Windows\System32\msvcrt.dll
0x00007ffdf2e20000 - 0x00007ffdf2f2b000 	C:\Windows\System32\gdi32full.dll
0x00007ffdf3490000 - 0x00007ffdf352d000 	C:\Windows\System32\msvcp_win.dll
0x00007ffdf46c0000 - 0x00007ffdf46f0000 	C:\Windows\System32\IMM32.DLL
0x00007ffdb3380000 - 0x00007ffdb341d000 	C:\Program Files\ideaIU-2021.2.win\jbr\bin\msvcp140.dll
0x00007ffdbbc00000 - 0x00007ffdbc74a000 	C:\Program Files\ideaIU-2021.2.win\jbr\bin\server\jvm.dll
0x00007ffdf4f00000 - 0x00007ffdf4fac000 	C:\Windows\System32\ADVAPI32.dll
0x00007ffdf4dd0000 - 0x00007ffdf4e6b000 	C:\Windows\System32\sechost.dll
0x00007ffdf4fb0000 - 0x00007ffdf50db000 	C:\Windows\System32\RPCRT4.dll
0x00007ffdf5300000 - 0x00007ffdf5308000 	C:\Windows\System32\PSAPI.DLL
0x00007ffdebf10000 - 0x00007ffdebf1a000 	C:\Windows\SYSTEM32\VERSION.dll
0x00007ffdda2c0000 - 0x00007ffdda2e7000 	C:\Windows\SYSTEM32\WINMM.dll
0x00007ffdee820000 - 0x00007ffdee829000 	C:\Windows\SYSTEM32\WSOCK32.dll
0x00007ffdf3970000 - 0x00007ffdf39db000 	C:\Windows\System32\ws2_32.DLL
0x00007ffdf1560000 - 0x00007ffdf1572000 	C:\Windows\SYSTEM32\kernel.appcore.dll
0x00007ffdee5a0000 - 0x00007ffdee5b1000 	C:\Program Files\ideaIU-2021.2.win\jbr\bin\verify.dll
0x00007ffdf0990000 - 0x00007ffdf0b74000 	C:\Windows\SYSTEM32\DBGHELP.DLL
0x00007ffdd6d10000 - 0x00007ffdd6d3c000 	C:\Windows\SYSTEM32\dbgcore.DLL
0x00007ffdf3530000 - 0x00007ffdf35b0000 	C:\Windows\System32\bcryptPrimitives.dll
0x00007ffdee570000 - 0x00007ffdee599000 	C:\Program Files\ideaIU-2021.2.win\jbr\bin\java.dll
0x00007ffdee640000 - 0x00007ffdee64b000 	C:\Program Files\ideaIU-2021.2.win\jbr\bin\jimage.dll
0x00007ffded190000 - 0x00007ffded1a8000 	C:\Program Files\ideaIU-2021.2.win\jbr\bin\zip.dll

dbghelp: loaded successfully - version: 4.0.5 - missing functions: none
symbol engine: initialized successfully - sym options: 0x614 - pdb path: .;C:\Program Files\ideaIU-2021.2.win\jbr\bin;C:\Windows\SYSTEM32;C:\Windows\WinSxS\amd64_microsoft.windows.common-controls_6595b64144ccf1df_6.0.19041.844_none_ca00b6081b84eb1d;C:\Program Files\ideaIU-2021.2.win\jbr\bin\server

VM Arguments:
java_command: git4idea.http.GitAskPassApp Username for 'https://github.com': 
java_class_path (initial): C:/Program Files/ideaIU-2021.2.win/plugins/git4idea/lib/git4idea-rt.jar;C:/Program Files/ideaIU-2021.2.win/lib/3rd-party.jar
Launcher Type: SUN_STANDARD

[Global flags]
     intx CICompilerCount                          = 4                                         {product} {ergonomic}
     uint ConcGCThreads                            = 2                                         {product} {ergonomic}
     uint G1ConcRefinementThreads                  = 8                                         {product} {ergonomic}
   size_t G1HeapRegionSize                         = 1048576                                   {product} {ergonomic}
    uintx GCDrainStackTargetSize                   = 64                                        {product} {ergonomic}
   size_t InitialHeapSize                          = 132120576                                 {product} {ergonomic}
   size_t MarkStackSize                            = 4194304                                   {product} {ergonomic}
   size_t MaxHeapSize                              = 2097152000                                {product} {ergonomic}
   size_t MinHeapDeltaBytes                        = 1048576                                   {product} {ergonomic}
    uintx NonNMethodCodeHeapSize                   = 5836300                                {pd product} {ergonomic}
    uintx NonProfiledCodeHeapSize                  = 122910970                              {pd product} {ergonomic}
    uintx ProfiledCodeHeapSize                     = 122910970                              {pd product} {ergonomic}
    uintx ReservedCodeCacheSize                    = 251658240                              {pd product} {ergonomic}
     bool SegmentedCodeCache                       = true                                      {product} {ergonomic}
     bool UseCompressedClassPointers               = true                                 {lp64_product} {ergonomic}
     bool UseCompressedOops                        = true                                 {lp64_product} {ergonomic}
     bool UseG1GC                                  = true                                      {product} {ergonomic}
     bool UseLargePagesIndividualAllocation        = false                                  {pd product} {ergonomic}

Logging:
Log output configuration:
 #0: stdout all=warning uptime,level,tags
 #1: stderr all=off uptime,level,tags

Environment Variables:
PATH=D:\личное\софт\Git\mingw64\libexec\git-core;D:\личное\софт\Git\mingw64\libexec\git-core;D:\личное\софт\Git\mingw64\bin;D:\личное\софт\Git\usr\bin;C:\Users\79529\bin;C:\watcom-1.3\binnt;C:\watcom-1.3\binw;C:\Program Files\Python39\Scripts;C:\Program Files\Python39;C:\Program Files (x86)\Common Files\Oracle\Java\javapath;C:\Program Files (x86)\NVIDIA Corporation\PhysX\Common;C:\Windows\system32;C:\Windows;C:\Windows\System32\Wbem;C:\Windows\System32\WindowsPowerShell\v1.0;C:\Windows\System32\OpenSSH;D:\личное\софт\Git\cmd;D:\Work\Scripts;D:\Work;C:\Users\79529\AppData\Local\Programs\Python\Python37\Scripts;C:\Users\79529\AppData\Local\Programs\Python\Python37;C:\Users\79529\Scripts;C:\Users\79529;C:\Users\79529\AppData\Local\Microsoft\WindowsApps;D:\личное\PyCharm Community Edition 2020.3.2\bin;D:\Work\Microsoft VS Code\bin;D:\Work\IntelliJ IDEA 2021.1.3\bin;C:\Users\79529\AppData\Local\GitHubDesktop\bin
USERNAME=79529
DISPLAY=:0.0
LC_ALL=en_US.UTF-8
OS=Windows_NT
PROCESSOR_IDENTIFIER=Intel64 Family 6 Model 165 Stepping 2, GenuineIntel



---------------  S Y S T E M  ---------------

OS: Windows 10 , 64 bit Build 19041 (10.0.19041.928)
OS uptime: 0 days 5:52 hours

CPU:total 8 (initial active 8) (4 cores per cpu, 2 threads per core) family 6 model 165 stepping 2 microcode 0xe0, cmov, cx8, fxsr, mmx, sse, sse2, sse3, ssse3, sse4.1, sse4.2, popcnt, avx, avx2, aes, clmul, erms, 3dnowpref, lzcnt, ht, tsc, tscinvbit, bmi1, bmi2, adx, fma

Memory: 4k page, system-wide physical 7993M (819M free)
TotalPageFile size 16949M (AvailPageFile size 22M)
current process WorkingSet (physical memory assigned to process): 10M, peak: 10M
current process commit charge ("private bytes"): 60M, peak: 185M

vm_info: OpenJDK 64-Bit Server VM (11.0.11+9-b1504.13) for windows-amd64 JRE (11.0.11+9-b1504.13), built on Jul 18 2021 03:17:44 by "" with MS VC++ 14.0 (VS2015)

END.
